[www.orestisgeorgiou.com/index.html]
[backblue.gif]
[fade.gif]
[index.html]
[images.squarespace-cdn.com/content/v1/5c6fd1c7c2ff616d47ed3809/1550836870066-F1APA41BOX1U1SOT0V0W/faviconfc89.png]
[images.squarespace-cdn.com/content/5c6fd1c7c2ff616d47ed3809/1554116388142-83HV45469N3FFXDK6MH2/hero-photo-formula-web43a3.jpg]
[assets.squarespace.com/@sqs/polyfiller/1.6/legacy.js]
[assets.squarespace.com/universal/scripts-compressed/extract-css-runtime-998a237f80fc8a85832dd-min.en-US.js]
[assets.squarespace.com/@sqs/polyfiller/1.6/modern.js]
[assets.squarespace.com/universal/scripts-compressed/cldr-resource-pack-c6a38111aec507149cb3d-min.en-US.js]
[assets.squarespace.com/universal/scripts-compressed/extract-css-moment-js-vendor-5082e2dab696b020ac83a-min.en-US.js]
[assets.squarespace.com/universal/scripts-compressed/common-vendors-stable-fd2acc815706e38fcfdf0-min.en-US.js]
[assets.squarespace.com/universal/scripts-compressed/performance-583aaa5ee6ef2ffadfe40-min.en-US.js]
[assets.squarespace.com/universal/scripts-compressed/common-vendors-bd388a58725d27de3369b-min.en-US.js]
[www.orestisgeorgiou.com/homea409]
[images.squarespace-cdn.com/content/v1/5c6fd1c7c2ff616d47ed3809/1550839443584-XL6BMJZ93MCMRQX2BPGP/Orestis-Georgiou-logo-web-white26f7.png]
[assets.squarespace.com/universal/scripts-compressed/common-c4455c908623737611a0c-min.en-US.js]
[static1.squarespace.com/static/sitecss/5c6fd1c7c2ff616d47ed3809/102/55f0aac0e4b0f0a5b7e0b22e/5c6fd1c7c2ff616d47ed381f/349/site.css]
[www.orestisgeorgiou.com/search.html]
[www.orestisgeorgiou.com/publications.html]
[www.orestisgeorgiou.com/speaking.html]
[www.orestisgeorgiou.com/roles.html]
[www.orestisgeorgiou.com/contact.html]
[images.squarespace-cdn.com/content/v1/5c6fd1c7c2ff616d47ed3809/4ad07f90-4f6d-483b-9fd7-e1372a57bd22/b-58.jpg]
[images.squarespace-cdn.com/content/v1/5c6fd1c7c2ff616d47ed3809/da771a09-b762-4b84-928e-68e171bf1009/b-194.jpg]
[www.orestisgeorgiou.com/blog.html]
[images.squarespace-cdn.com/content/v1/5c6fd1c7c2ff616d47ed3809/1553685040209-HIW4FB54NJAR6OHRI01H/Speaking.jpg]
[images.squarespace-cdn.com/content/v1/5c6fd1c7c2ff616d47ed3809/aee51137-92cb-4a94-9b86-4e27096ccf7c/b-243.jpg]
[www.orestisgeorgiou.com/about.html]
[www.orestisgeorgiou.com/terms-of-use.html]
[www.orestisgeorgiou.com/privacy-policy.html]
[www.orestisgeorgiou.com/index.html]
[static1.squarespace.com/static/ta/55f0a9b0e4b0f3eb70352f6d/349/scripts/site-bundle.js]
[images.squarespace-cdn.com/index.html]
[fonts.googleapis.com/css29af3.css]
[www.orestisgeorgiou.com/search.html]
[images.squarespace-cdn.com/content/v1/5c6fd1c7c2ff616d47ed3809/a958bb62-3c5c-447e-b41f-95f23dc4b96c/b-6.jpg]
[www.orestisgeorgiou.com/about.html]
[www.orestisgeorgiou.com/publications.html]
[images.squarespace-cdn.com/content/v1/5c6fd1c7c2ff616d47ed3809/39ce64c7-77b8-4081-9be9-20e16b765c65/b-220.jpg]
[www.orestisgeorgiou.com/blog-feed/2019/4/4/my-creative-process.html]
[www.orestisgeorgiou.com/_/www.youtube.com/embed/RTBrDvfcrL8.288344.delayed]
[www.orestisgeorgiou.com/_/www.youtube.com/embed/unnisZ_yYbA.2a4888.delayed]
[www.orestisgeorgiou.com/_/www.youtube.com/embed/AwWj3OyOWKU.2c8344.delayed]
[images.squarespace-cdn.com/content/v1/5c6fd1c7c2ff616d47ed3809/2ec03930-2b89-4e9b-a4e4-b0441bdd5cec/b-126.jpg]
[images.squarespace-cdn.com/content/v1/5c6fd1c7c2ff616d47ed3809/1606399859966-YS9FD45GSVLVHM80QGRS/IMG_0910.jpg]
[images.squarespace-cdn.com/content/v1/5c6fd1c7c2ff616d47ed3809/1606400067573-R2F8NEVWRQLR0UDGQXDY/received_2151225985115345.jpg]
[images.squarespace-cdn.com/content/v1/5c6fd1c7c2ff616d47ed3809/1606399949500-77IIUE2NCYGZH486ZVM6/IMG_20190619_142931.jpg]
[images.squarespace-cdn.com/content/v1/5c6fd1c7c2ff616d47ed3809/1606399849947-S3079UFQED3W1WV3JFII/IMG_0299.jpg]
[images.squarespace-cdn.com/content/v1/5c6fd1c7c2ff616d47ed3809/1606399849787-U7P707V0C3GJDZ8E8U7I/IMG_0744.jpg]
[images.squarespace-cdn.com/content/v1/5c6fd1c7c2ff616d47ed3809/1606399866798-9BT3JPIFVLT800KHHGG7/IMG_0911.jpg]
[images.squarespace-cdn.com/content/v1/5c6fd1c7c2ff616d47ed3809/1606399881744-5C3WSXMPU7BZAVZLN7UZ/IMG_20170509_025559.jpg]
[images.squarespace-cdn.com/content/v1/5c6fd1c7c2ff616d47ed3809/1606399880786-ZD8K68R73UXTMPE6TB4R/IMG_20170509_224125.jpg]
[images.squarespace-cdn.com/content/v1/5c6fd1c7c2ff616d47ed3809/1606399913222-N8LNBKSQ04PEGV8KDT7W/IMG_20180924_215233.jpg]
[images.squarespace-cdn.com/content/v1/5c6fd1c7c2ff616d47ed3809/1606399956172-GPC0SI8HPOBP5BW7491D/IMG_20190619_155236.jpg]
[images.squarespace-cdn.com/content/v1/5c6fd1c7c2ff616d47ed3809/1606399962759-7AD69MEE6U7SHPTPD2EU/IMG_20190711_211703.jpg]
[images.squarespace-cdn.com/content/v1/5c6fd1c7c2ff616d47ed3809/1606399974497-HZKQHE6XBW9P1NJJJR5P/IMG-20180908-WA0002.jpg]
[images.squarespace-cdn.com/content/v1/5c6fd1c7c2ff616d47ed3809/1606399976699-HUJXDI4UTRQABUEIYPGA/IMG-20180908-WA0004.jpg]
[images.squarespace-cdn.com/content/v1/5c6fd1c7c2ff616d47ed3809/1606399982642-IZK5T6C6FJT2YKAUXQZ9/IMG-20180908-WA0005.jpg]
[images.squarespace-cdn.com/content/v1/5c6fd1c7c2ff616d47ed3809/1606399985068-L4ML8666HER0T9IO588U/IMG-20180908-WA0006.jpg]
[images.squarespace-cdn.com/content/v1/5c6fd1c7c2ff616d47ed3809/1606399998004-S0EUGZQHJVQSYH01HTMT/IMG-20180908-WA0011.jpg]
[images.squarespace-cdn.com/content/v1/5c6fd1c7c2ff616d47ed3809/1606400010813-EUMQ2TMJWOBE2UCISPBY/IMG-20180908-WA0012.jpg]
[images.squarespace-cdn.com/content/v1/5c6fd1c7c2ff616d47ed3809/1606400023619-V6JG0RZSLMGAL7WSGXQJ/pic+pres.jpg]
[images.squarespace-cdn.com/content/v1/5c6fd1c7c2ff616d47ed3809/1606400047677-32BC4ZNHDL3ZIVVCTGHG/received_533711940383285.jpg]
[images.squarespace-cdn.com/content/v1/5c6fd1c7c2ff616d47ed3809/1606400082439-00458ADR4NB2E0DUXQOB/ResearchersNight2019.jpg]
[www.orestisgeorgiou.com/speaking.html]
[assets.squarespace.com/universal/scripts-compressed/extract-css-runtime-17fcdd213e0be8f2a3f8f-min.en-US.js]
[images.squarespace-cdn.com/content/v1/5c6fd1c7c2ff616d47ed3809/1553691511427-K2L3T58O4Y2CE8OVRBWC/logosArtboard+5.jpg]
[assets.squarespace.com/universal/scripts-compressed/performance-2b31864e00dd18f9fadd4-min.en-US.js]
[assets.squarespace.com/universal/scripts-compressed/common-vendors-d846c9bba14c7d46c64c0-min.en-US.js]
[assets.squarespace.com/universal/scripts-compressed/common-d7f3183014a8632cf3f8a-min.en-US.js]
[static1.squarespace.com/static/5c6fd1c7c2ff616d47ed3809/t/5d8a19eeca49b978bf9d02ff/1569331707703/Researcher's+night+2019.pdf]
[images.squarespace-cdn.com/content/v1/5c6fd1c7c2ff616d47ed3809/1615891935568-YJN17UKI0CLED3MQCWVP/ultraleaplogo.jpg]
[images.squarespace-cdn.com/content/v1/5c6fd1c7c2ff616d47ed3809/1553691788896-KC3KWV4LLJHKDSXJ4OGV/levitate.jpg]
[images.squarespace-cdn.com/content/v1/5c6fd1c7c2ff616d47ed3809/1553691803416-7DJKZ16WHSJ7HDMMISYI/h-reality.jpg]
[images.squarespace-cdn.com/content/v1/5c6fd1c7c2ff616d47ed3809/1615891414635-T6LQ36UIIT7UY46NAAKE/touchless-seconary-logo-white-colour.jpg]
[images.squarespace-cdn.com/content/v1/5c6fd1c7c2ff616d47ed3809/1631200152955-NNCRBDC6LQNUMM50ZZ1W/e-textures-square-white.jpg]
[images.squarespace-cdn.com/content/v1/5c6fd1c7c2ff616d47ed3809/1553691252876-PMYAZEPP2OV4W2HPCHIR/logoArtboard+3.jpg]
[images.squarespace-cdn.com/content/v1/5c6fd1c7c2ff616d47ed3809/1553691213104-09NKAL5EJ5E4QUMBDYYO/logoArtboard+1.jpg]
[www.orestisgeorgiou.com/roles.html]
[images.squarespace-cdn.com/content/v1/5c6fd1c7c2ff616d47ed3809/1554418978640-55XFDHRR7V98IV193PZD/gw4.jpg]
[images.squarespace-cdn.com/content/v1/5c6fd1c7c2ff616d47ed3809/1554419107422-MWMHHQ42A5V2AA7RUTNH/Untitled-1-01.jpg]
[images.squarespace-cdn.com/content/v1/5c6fd1c7c2ff616d47ed3809/1554418995772-UF1VU7CBO4BDMNC2K8HJ/comisia-europeana-logo.jpg]
[www.orestisgeorgiou.com/blog-feed/2023/2/1/are-public-touchscreens-safe-to-touch.html]
[www.orestisgeorgiou.com/blog-feed/2020/7/3/the-rise-of-the-scientist.html]
[www.orestisgeorgiou.com/blog-feed/2020/7/3/how-mathematical-models-can-predict-covids-next-step.html]
[www.orestisgeorgiou.com/blog-feed/2019/5/27/cultivating-innovation-and-creativity.html]
[www.orestisgeorgiou.com/blog-feed/choose-a-job-you-love-and-you-will-never-have-to-work-a-single-day-blog-dr-orestis-georgiou.html]
[www.orestisgeorgiou.com/blog-feed/visualising-haptics-blog-dr-orestis-georgiou.html]
[www.orestisgeorgiou.com/blog-feed/haptic-reflections-of-2017-blog-dr-orestis-georgiou-zhz7y.html]
[www.orestisgeorgiou.com/blog-feed/hackathon-opportunities-blog-dr-orestis-georgiou-ahsc8.html]
[www.orestisgeorgiou.com/blog.html]
[assets.squarespace.com/universal/scripts-compressed/extract-css-runtime-5ad65cc95ea5219518360-min.en-US.js]
[images.squarespace-cdn.com/content/v1/5c6fd1c7c2ff616d47ed3809/f33a60da-db78-4acf-83f5-49da33d0b99a/b-139.jpg]
[www.orestisgeorgiou.com/blog-feed/engaging-with-academics-how-this-is-a-win-win-blog-dr-orestis-georgiou.html]
[www.orestisgeorgiou.com/contact.html]
[www.orestisgeorgiou.com/_/cdn.embedly.com/widgets/mediabc18.html]
[www.orestisgeorgiou.com/_https_/www.youtube.com/embed/9aLQgDJ-fIw6b6f.html]
[www.orestisgeorgiou.com/_https_/www.youtube.com/embed/9aLQgDJ-fIw250f.html]
[www.orestisgeorgiou.com/terms-of-use.html]
[assets.squarespace.com/universal/scripts-compressed/extract-css-runtime-712a4c65bb95ea1c746df-min.en-US.js]
[assets.squarespace.com/universal/scripts-compressed/common-7133f016992c56e5a06b6-min.en-US.js]
[www.orestisgeorgiou.com/privacy-policy.html]
[images.squarespace-cdn.com/content/5c6fd1c7c2ff616d47ed3809/1554415632686-5VYKSY0F4SZDBTESSBQX/gridee8a.jpg]
[assets.squarespace.com/universal/scripts-compressed/common-edb46381854a23d678edd-min.en-US.js]
[www.orestisgeorgiou.com/blog-feeda409]
[images.squarespace-cdn.com/content/v1/5c6fd1c7c2ff616d47ed3809/1554415632686-5VYKSY0F4SZDBTESSBQX/grid.jpg]
[images.squarespace-cdn.com/content/v1/5c6fd1c7c2ff616d47ed3809/1554415670706-638H4OG101KCYNX7ZQQX/bc.jpg]
[www.orestisgeorgiou.com/blog-feed2d3a.html]
[www.orestisgeorgiou.com/blog-feed/2019/4/4/my-creative-process.html]
[www.orestisgeorgiou.com/_/cdn.embedly.com/widgets/media1eef.html]
[www.orestisgeorgiou.com/_/www.youtube.com/embed/RTBrDvfcrL89ae1.html]
[www.orestisgeorgiou.com/_/www.youtube.com/embed/RTBrDvfcrL88344.html]
[www.orestisgeorgiou.com/_/www.youtube.com/embed/unnisZ_yYbA14f3.html]
[www.orestisgeorgiou.com/_/www.youtube.com/embed/unnisZ_yYbA4888.html]
[www.orestisgeorgiou.com/_/www.youtube.com/embed/AwWj3OyOWKU9ae1.html]
[www.orestisgeorgiou.com/_/www.youtube.com/embed/AwWj3OyOWKU8344.html]
[images.squarespace-cdn.com/content/5c6fd1c7c2ff616d47ed3809/22fee85e-95e9-45c5-b3cc-f312ee48d76e/Screenshot+2023-02-01+at+17.06.585d45.png]
[images.squarespace-cdn.com/content/v1/5c6fd1c7c2ff616d47ed3809/86452b2d-1c0e-41b1-8e90-fc7b1bd4bedb/7edb-4586508629-b024f4dc78.jpg]
[images.squarespace-cdn.com/content/v1/5c6fd1c7c2ff616d47ed3809/c2dbb28f-9a26-4b56-bec2-ffc1268f59eb/rsos210625f01.jpg]
[www.dropbox.com/s/t809ucrv5gbmfu2/My Movie 2ec75.html]
[www.orestisgeorgiou.com/blog-feed/2023/2/1/_https_/www.youtube.com/embed/YNye8bci9zA.6f250f.delayed]
[www.orestisgeorgiou.com/blog-feed/2023/2/1/are-public-touchscreens-safe-to-touch.html]
[images.squarespace-cdn.com/content/5c6fd1c7c2ff616d47ed3809/1593789251934-BEVWEKSFI1Y9ADK91Y4C/05d45.png]
[www.parliament.uk/documents/post/POST_Role of Research in UK Parliament 2017.72.delayed]
[images.squarespace-cdn.com/content/v1/5c6fd1c7c2ff616d47ed3809/1593788859722-I99CGNVBS8AGB84B7W0M/0+(1).png]
[images.squarespace-cdn.com/content/v1/5c6fd1c7c2ff616d47ed3809/1593788978139-9YYNJC72U92LO1KTOOVC/0+(2).png]
[images.squarespace-cdn.com/content/v1/5c6fd1c7c2ff616d47ed3809/1593789132931-14ZDZHM5938CLDKVQJX2/0+(3).png]
[www.brown.edu/academics/science-center/sites/brown.edu.academics.science-center/files/uploads/Quick_Guide_to_Science_Communication_0.pdf]
[www.american.edu/spa/scicomm/upload/recommended-practices-booklet_v17-digital.pdf]
[www.imperial.ac.uk/media/imperial-college/medicine/sph/ide/gida-fellowships/Imperial-College-COVID19-NPI-modelling-16-03-2020.pdf]
[www.orestisgeorgiou.com/blog-feed/2020/7/3/the-rise-of-the-scientist.html]
[images.squarespace-cdn.com/content/5c6fd1c7c2ff616d47ed3809/1593788724094-RZHNNAXAGGRTYO8LOA16/0ee8a.jpg]
[www.orestisgeorgiou.com/blog-feed/2020/7/3/how-mathematical-models-can-predict-covids-next-step.html]
[www.orestisgeorgiou.com/blog-feed/2019/5/27/cultivating-innovation-and-creativity.html]
[images.squarespace-cdn.com/content/5c6fd1c7c2ff616d47ed3809/1558943266314-XTEZ8U80E7RM3SG6HCAB/chair5d45.png]
[images.squarespace-cdn.com/content/5c6fd1c7c2ff616d47ed3809/1553620526395-UZFSHGS5CC5KUIJPQY0G/Dr+Orestis+Georgiou+blog5d45.png]
[www.orestisgeorgiou.com/blog-feed/choose-a-job-you-love-and-you-will-never-have-to-work-a-single-day-blog-dr-orestis-georgiou.html]
[images.squarespace-cdn.com/content/v1/5c6fd1c7c2ff616d47ed3809/1553619502894-5SFVWVDH3ZMFW21NFCK0/dr-orestis-georgiou.jpg]
[images.squarespace-cdn.com/content/5c6fd1c7c2ff616d47ed3809/1553624063507-H6PQ0WG24AAYQ3S85L91/visual-haptics-blog-orestis5d45.png]
[images.squarespace-cdn.com/content/v1/5c6fd1c7c2ff616d47ed3809/1553623225285-ER4YXISABX9UCTKLP8OL/0.png]
[www.orestisgeorgiou.com/blog-feed/visualising-haptics-blog-dr-orestis-georgiou.html]
[images.squarespace-cdn.com/content/v1/5c6fd1c7c2ff616d47ed3809/1553623297225-IA58VCGH8PFAGIVYPI7M/0+(1).png]
[images.squarespace-cdn.com/content/5c6fd1c7c2ff616d47ed3809/1553624356355-WECWVEDS1WMFR69W56C8/Haptic+Reflections+of+2017ee8a.jpg]
[www.orestisgeorgiou.com/blog-feed/haptic-reflections-of-2017-blog-dr-orestis-georgiou-zhz7y.html]
[images.squarespace-cdn.com/content/v1/5c6fd1c7c2ff616d47ed3809/1553624465482-E1FYAYRIWP0IXR67B3R5/haptic-reflections-of-2017.jpg]
[images.squarespace-cdn.com/content/5c6fd1c7c2ff616d47ed3809/1553626108829-O28XBNGYZC2P25XDICKX/Hackathon+Opportunitiesee8a.jpg]
[www.orestisgeorgiou.com/blog-feed/haptics-research-blog-dr-orestis-georgiou.html]
[images.squarespace-cdn.com/content/v1/5c6fd1c7c2ff616d47ed3809/1553625772500-DPLZ0MXYC7OTE0FW91ZV/Hackathon-Opportunities-dr-orest-georgiouis.jpg]
[www.orestisgeorgiou.com/blog-feed/hackathon-opportunities-blog-dr-orestis-georgiou-ahsc8.html]
[www.orestisgeorgiou.com/blog-feed5bf3.html]
[images.squarespace-cdn.com/content/5c6fd1c7c2ff616d47ed3809/1553625868266-9G6UR6ATKZP0X78BCZIQ/Engaging+with+academics-+how+this+is+a+win-winee8a.jpg]
[www.orestisgeorgiou.com/blog-feed/engaging-with-academics-how-this-is-a-win-win-blog-dr-orestis-georgiou.html]
[www.orestisgeorgiou.com/blog-feed2d3a.html]
[www.orestisgeorgiou.com/_https_/www.youtube.com/embed/YNye8bci9zA6b6f.html]
[www.orestisgeorgiou.com/blog-feed/2023/2/1/_https_/www.youtube.com/embed/YNye8bci9zA250f.html]
[www.orestisgeorgiou.com/blog-feed.html]
[images.squarespace-cdn.com/content/v1/5c6fd1c7c2ff616d47ed3809/1553625328613-7ZTDFCL5M6LH1WQ8R1RQ/haptics-research-dr-orestis-georgiou.jpg]
[images.squarespace-cdn.com/content/v1/5c6fd1c7c2ff616d47ed3809/1553625456375-1TNO8C2XYSM7NSD3V521/haptics-research-dr-orestis-georgiou.jpg]
[www.orestisgeorgiou.com/blog-feed/haptics-research-blog-dr-orestis-georgiou.html]
[www.orestisgeorgiou.com/blog-feed5bf3.html]
[www.orestisgeorgiou.com/blog-feed.html]
[use.typekit.net/ik/dKxpu-mXA7Cd3xEbrPVhFgViZc9b6EX4kd7M20qzSvtfel9IfFHN4UJLFRbh52jhWDmRFcZqwAwajD4cZRjUFcbXFhmqwD635s7cMkG0jAFu-WsoShFGZAsude80ZkoRdhXCHKoyjamTiY8Djhy8ZYmC-Ao1Oco8if37OcBDOcu8OfG0ShmyZY4yZ]
[images.squarespace-cdn.com/content/v1/5c6fd1c7c2ff616d47ed3809/1550839443584-XL6BMJZ93MCMRQX2BPGP/Orestis-Georgiou-logo-web-white26f7.png]
[www.orestisgeorgiou.com/homea409]
[assets.squarespace.com/universal/images-v6/damask/error-dark.png]
[images.squarespace-cdn.com/content/v1/5c6fd1c7c2ff616d47ed3809/1606399913222-N8LNBKSQ04PEGV8KDT7W/IMG_20180924_215233.jpg]
[assets.squarespace.com/universal/images-v6/damask/error-dark@2x.png]
[static1.squarespace.com/static/5c6fd1c7c2ff616d47ed3809/t/5d8a19eeca49b978bf9d02ff/1569331707703/Researcher's+night+2019.pdf]
[assets.squarespace.com/universal/images-v6/damask/play-button.png]
[assets.squarespace.com/universal/images-v6/damask/play-button@2x.png]
[assets.squarespace.com/universal/images-v6/damask/edit-aviary-light.png]
[assets.squarespace.com/universal/images-v6/damask/edit-aviary-light@2x.png]
[www.orestisgeorgiou.com/blog-feeda409]
[assets.squarespace.com/universal/images-v6/damask/edit-info-light.png]
[www.brown.edu/academics/science-center/sites/brown.edu.academics.science-center/files/uploads/Quick_Guide_to_Science_Communication_0.pdf]
[assets.squarespace.com/universal/images-v6/damask/edit-info-light@2x.png]
[www.american.edu/spa/scicomm/upload/recommended-practices-booklet_v17-digital.pdf]
[assets.squarespace.com/universal/images-v6/damask/trash-9-light.png]
[images.squarespace-cdn.com/content/5c6fd1c7c2ff616d47ed3809/1553624063507-H6PQ0WG24AAYQ3S85L91/visual-haptics-blog-orestis5d45.png]
[images.squarespace-cdn.com/content/v1/5c6fd1c7c2ff616d47ed3809/1553623297225-IA58VCGH8PFAGIVYPI7M/0+(1).png]
[assets.squarespace.com/universal/images-v6/damask/trash-9-light@2x.png]
[assets.squarespace.com/universal/images-v6/damask/trash-9-red.png]
[assets.squarespace.com/universal/images-v6/damask/trash-9-red@2x.png]
[assets.squarespace.com/universal/images-v6/damask/getty-16-light.png]
[assets.squarespace.com/universal/images-v6/damask/getty-32-light.png]
[assets.squarespace.com/universal/images-v6/damask/shopping-cart-16-light.png]
[assets.squarespace.com/universal/images-v6/damask/shopping-cart-32-light.png]
[assets.squarespace.com/universal/images-v6/icons/block-indicator-dark.png]
[assets.squarespace.com/universal/images-v6/icons/block-indicator-dark@2x.png]
[assets.squarespace.com/universal/fonts/squarespace-ui-font.svg]
[static1.squarespace.com/universal/images-v6/icons/opentable-icons.svg]
[static1.squarespace.com/universal/images-v6/icons/opentable-icons.png]
[static1.squarespace.com/universal/images-v6/icons/icon-searchqueries-20-dark.png]
[static1.squarespace.com/universal/images-v6/icons/icon-searchqueries-20-light.png]
[assets.squarespace.com/universal/images-v6/icons/icon-video-24-light-solid.png]
[assets.squarespace.com/universal/images-v6/damask/image-inside-64-dark.png]
[static1.squarespace.com/universal/images-v6/damask/image-inside-128-dark.png]
[assets.squarespace.com/universal/images-v6/standard/icon_close_7_light.png]
[assets.squarespace.com/universal/images-v6/icons/icon-settings-16-light.png]
[assets.squarespace.com/universal/fonts/social-20141119/social-icon-font.svg]
[static1.squarespace.com/static/sitecss/5c6fd1c7c2ff616d47ed3809/102/55f0aac0e4b0f0a5b7e0b22e/5c6fd1c7c2ff616d47ed381f/349/site.css]
[www.orestisgeorgiou.com/assets/ui-icons.svg]
[www.orestisgeorgiou.com/_/cdn.embedly.com/widgets/mediabc18.html]
[www.orestisgeorgiou.com/blog-feed/2019/4/4/my-creative-process.html]
[www.orestisgeorgiou.com/_/cdn.embedly.com/widgets/media1eef.html]
[www.orestisgeorgiou.com/blog-feed2d3a.html]
[www.orestisgeorgiou.com/universal/svg/social-accounts.svg]
[cfl.dropboxstatic.com/static/metaserver/static/images/favicon-vfl8lUR9B.ico]
[cfl.dropboxstatic.com/index.html]
[cfl.dropboxstatic.com/static/metaserver/static/fonts/paper-atlasgrotesk/AtlasGrotesk-Regular-Web-vflk7bxjs.woff2]
[cfl.dropboxstatic.com/static/metaserver/static/fonts/paper-atlasgrotesk/AtlasGrotesk-Medium-Web-vfl38XiTL.woff2]
[cfl.dropboxstatic.com/static/metaserver/static/js/alameda_bundle/alameda_bundle_ie_en-vfllxjPsU.js]
[cfl.dropboxstatic.com/static/metaserver/static/images/logo_catalog/dropbox_webclip_60_vis.png]
[cfl.dropboxstatic.com/static/metaserver/static/images/logo_catalog/dropbox_webclip_76_vis.png]
[cfl.dropboxstatic.com/static/metaserver/static/images/logo_catalog/dropbox_webclip_120_vis.png]
[cfl.dropboxstatic.com/static/metaserver/static/images/logo_catalog/dropbox_webclip_152_vis.png]
[www.dropbox.com/s/t809ucrv5gbmfu2/My Movie 2ec75.html]
[www.parliament.uk/documents/post/POST_Role of Research in UK Parliament 2017.html]
[www.orestisgeorgiou.com/blog-feed/haptics-research-blog-dr-orestis-georgiou.html]
[www.orestisgeorgiou.com/blog-feed5bf3.html]
[www.orestisgeorgiou.com/blog-feed.html]
[assets.squarespace.com/universal/fonts/squarespace-ui-font.svg]
[static1.squarespace.com/universal/images-v6/icons/opentable-icons.svg]
[assets.squarespace.com/universal/fonts/social-20141119/social-icon-font.svg]
[cfl.dropboxstatic.com/index.html]
[dropbox.com/hstsping.html]
